<?xml version="1.0" encoding="UTF-8"?>
<!-- Generated by org.testng.reporters.JUnitReportReporter -->
<testsuite hostname="EC2AMAZ-CS00R8Q" failures="0" tests="1" name="Testnggg.HoverTest" time="4.650" errors="0" timestamp="2025-07-23T08:56:14 UTC" skipped="0">
  <testcase classname="Testnggg.HoverTest" name="hoverExample" time="4.650"/>
  <system-out/>
</testsuite> <!-- Testnggg.HoverTest -->
