<?xml version="1.0" encoding="UTF-8"?>
<!-- Generated by org.testng.reporters.JUnitReportReporter -->
<testsuite hostname="EC2AMAZ-CS00R8Q" failures="0" tests="1" name="Testnggg.googletest" time="5.260" errors="0" timestamp="2025-07-23T09:03:02 UTC" skipped="0">
  <testcase classname="Testnggg.googletest" name="openGoogleTest" time="5.260"/>
  <system-out/>
</testsuite> <!-- Testnggg.googletest -->
